

Setting up ionic models and plugins
-----------------------------------

Assigning IMPS to tagged regions:  

	Ionic model: MRG_Node to tag region(s) [1],.
	Ionic model: MRG_Node to tag region(s) [2],.



Building intracellular electric stiffness matrix in standard mode.
Building intracellular electric stiffness matrix done in 0.002 seconds.
Building intracellular electric lumped mass matrix in standard mode.
Building intracellular electric lumped mass matrix done in 0.000 seconds.
Building extracellular electric stiffness matrix in standard mode.
Building extracellular electric stiffness matrix done in 0.007 seconds.
Building extracellular electric lumped mass matrix in standard mode.
Building extracellular electric lumped mass matrix done in 0.001 seconds.
Elliptic lhs matrix enforcing Dirichlet boundaries.

Elliptic lhs matrix Dirichlet enforcing done in 0.001 seconds.



Affected Stimulus Volumes
Type           (          Name) [Stimulus  ID]: Vol um^3 ( Vol mm^3 )
-------------- ---------------- -------------- --------- ------------
extra V (cl)   (Stimulus_0    ) [Stimulus   0]:    1e+02 ( 1.0121e-07 )
extra V (cl)   (Stimulus_1    ) [Stimulus   1]:    1e+02 ( 1.0121e-07 )





Current Injecting electrodes
Type           (          Name) [ID]: Total [uA] Density
-------------- ---------------- ----- ---------- --------------------



  

  Electrical Solver Timings:
  --------------------------

  Elliptic        274.65
    --RHS           0.26
    --Solve       274.39
  Parabolic         6.64
    --RHS           0.25
    --Solve         6.39
  ODE               0.57
  Purkinje          0.00
  IO                0.15

